#
# A fatal error has been detected by the Java Runtime Environment:
#
#  EXCEPTION_ACCESS_VIOLATION (0xc0000005) at pc=0x00000000557988a3, pid=16088, tid=17860
#
# JRE version: Java(TM) SE Runtime Environment (8.0_20-b26) (build 1.8.0_20-b26)
# Java VM: Java HotSpot(TM) 64-Bit Server VM (25.20-b23 mixed mode windows-amd64 compressed oops)
# Problematic frame:
# V  [jvm.dll+0xf88a3]
#
# Failed to write core dump. Minidumps are not enabled by default on client versions of Windows
#
# If you would like to submit a bug report, please visit:
#   http://bugreport.sun.com/bugreport/crash.jsp
#

---------------  T H R E A D  ---------------

Current thread (0x0000000002ef1000):  JavaThread "main" [_thread_in_vm, id=17860, stack(0x0000000002d20000,0x0000000002e20000)]

siginfo: ExceptionCode=0xc0000005, reading address 0xffffffffffffffff

Registers:
RAX=0x020000001aa92f50, RBX=0x000000001aa91fd8, RCX=0x000000001aa92fa8, RDX=0x0000000002f37260
RSP=0x0000000002e1c3b8, RBP=0x0000000002f36640, RSI=0x0000000002f34e50, RDI=0x000000001aa91fd8
R8 =0x0000000000000007, R9 =0x0000000000000007, R10=0x0000000000000007, R11=0x0000000002f36640
R12=0x0000000002f34e50, R13=0x0000000002ef1000, R14=0x0000000002f36640, R15=0x0000000002e1c660
RIP=0x00000000557988a3, EFLAGS=0x0000000000010202

Top of Stack: (sp=0x0000000002e1c3b8)
0x0000000002e1c3b8:   0000000055798916 0000000000000001
0x0000000002e1c3c8:   00000000558bc0a3 000000001aa8fe60
0x0000000002e1c3d8:   0000000002ef1000 000000001aa91fd8
0x0000000002e1c3e8:   000000005579f52f 0000000100151200
0x0000000002e1c3f8:   0000000002f36640 0000000002f34e50
0x0000000002e1c408:   0000000002e1c4a0 0000000002e1c660
0x0000000002e1c418:   000000005574e1fe 0000000100151200
0x0000000002e1c428:   0000000002f36640 0000000002f34e50
0x0000000002e1c438:   0000000002ef1000 0000000000000000
0x0000000002e1c448:   0000000055750487 0000000100151200
0x0000000002e1c458:   0000000100151200 0000000100154ef0
0x0000000002e1c468:   0000000000000000 0000000002ee7601
0x0000000002e1c478:   0000000100150400 0000000002ef1000
0x0000000002e1c488:   0000000002ef1000 0000000002ef1000
0x0000000002e1c498:   0000000002ef1001 0000000002f34e50
0x0000000002e1c4a8:   0000000002f36640 0000000000000008 

Instructions: (pc=0x00000000557988a3)
0x0000000055798883:   d9 78 4c 66 66 0f 1f 84 00 00 00 00 00 47 8d 04
0x0000000055798893:   11 41 d1 f8 49 63 c0 48 8b 4c c3 08 48 8b 41 08
0x00000000557988a3:   0f b7 48 20 48 8b 40 08 48 8b 54 c8 50 49 3b d3
0x00000000557988b3:   72 14 33 c0 49 3b d3 0f 95 c0 85 c0 74 1a 78 06 


Register to memory mapping:

RAX=0x020000001aa92f50 is an unknown value
RBX=0x000000001aa91fd8 is pointing into metadata
RCX={method} {0x000000001aa92fb0} 
[error occurred during error reporting (printing register info), id 0xc0000005]

Stack: [0x0000000002d20000,0x0000000002e20000],  sp=0x0000000002e1c3b8,  free space=1008k
Native frames: (J=compiled Java code, j=interpreted, Vv=VM code, C=native code)
V  [jvm.dll+0xf88a3]
V  [jvm.dll+0xf8916]
V  [jvm.dll+0xff52f]
V  [jvm.dll+0xae1fe]
V  [jvm.dll+0xb0487]
V  [jvm.dll+0xb3ab2]
V  [jvm.dll+0xb453a]
V  [jvm.dll+0xb4b6d]
V  [jvm.dll+0xad086]
C  0x000000000300f3de

Java frames: (J=compiled Java code, j=interpreted, Vv=VM code)
j  ch.qos.logback.core.spi.AppenderAttachableImpl.detachAndStopAllAppenders()V+40
j  ch.qos.logback.classic.Logger.detachAndStopAllAppenders()V+11
j  ch.qos.logback.classic.Logger.recursiveReset()V+1
j  ch.qos.logback.classic.LoggerContext.reset()V+26
j  ch.qos.logback.classic.LoggerContext.stop()V+1
j  org.springframework.boot.logging.logback.LogbackLoggingSystem.stopAndReset(Lch/qos/logback/classic/LoggerContext;)V+1
j  org.springframework.boot.logging.logback.LogbackLoggingSystem.loadDefaults(Lorg/springframework/boot/logging/LoggingInitializationContext;Lorg/springframework/boot/logging/LogFile;)V+7
j  org.springframework.boot.logging.AbstractLoggingSystem.initializeWithConventions(Lorg/springframework/boot/logging/LoggingInitializationContext;Lorg/springframework/boot/logging/LogFile;)V+43
j  org.springframework.boot.logging.AbstractLoggingSystem.initialize(Lorg/springframework/boot/logging/LoggingInitializationContext;Ljava/lang/String;Lorg/springframework/boot/logging/LogFile;)V+18
j  org.springframework.boot.logging.logback.LogbackLoggingSystem.initialize(Lorg/springframework/boot/logging/LoggingInitializationContext;Ljava/lang/String;Lorg/springframework/boot/logging/LogFile;)V+20
j  org.springframework.boot.context.logging.LoggingApplicationListener.initializeSystem(Lorg/springframework/core/env/ConfigurableEnvironment;Lorg/springframework/boot/logging/LoggingSystem;Lorg/springframework/boot/logging/LogFile;)V+34
j  org.springframework.boot.context.logging.LoggingApplicationListener.initialize(Lorg/springframework/core/env/ConfigurableEnvironment;Ljava/lang/ClassLoader;)V+62
j  org.springframework.boot.context.logging.LoggingApplicationListener.onApplicationEnvironmentPreparedEvent(Lorg/springframework/boot/context/event/ApplicationEnvironmentPreparedEvent;)V+33
j  org.springframework.boot.context.logging.LoggingApplicationListener.onApplicationEvent(Lorg/springframework/context/ApplicationEvent;)V+30
j  org.springframework.context.event.SimpleApplicationEventMulticaster.doInvokeListener(Lorg/springframework/context/ApplicationListener;Lorg/springframework/context/ApplicationEvent;)V+2
j  org.springframework.context.event.SimpleApplicationEventMulticaster.invokeListener(Lorg/springframework/context/ApplicationListener;Lorg/springframework/context/ApplicationEvent;)V+34
j  org.springframework.context.event.SimpleApplicationEventMulticaster.multicastEvent(Lorg/springframework/context/ApplicationEvent;Lorg/springframework/core/ResolvableType;)V+83
j  org.springframework.context.event.SimpleApplicationEventMulticaster.multicastEvent(Lorg/springframework/context/ApplicationEvent;)V+7
j  org.springframework.boot.context.event.EventPublishingRunListener.environmentPrepared(Lorg/springframework/core/env/ConfigurableEnvironment;)V+20
j  org.springframework.boot.SpringApplicationRunListeners.environmentPrepared(Lorg/springframework/core/env/ConfigurableEnvironment;)V+31
j  org.springframework.boot.SpringApplication.prepareEnvironment(Lorg/springframework/boot/SpringApplicationRunListeners;Lorg/springframework/boot/ApplicationArguments;)Lorg/springframework/core/env/ConfigurableEnvironment;+22
j  org.springframework.boot.SpringApplication.run([Ljava/lang/String;)Lorg/springframework/context/ConfigurableApplicationContext;+54
j  org.springframework.boot.test.context.SpringBootContextLoader.loadContext(Lorg/springframework/test/context/MergedContextConfiguration;)Lorg/springframework/context/ApplicationContext;+274
j  org.springframework.test.context.cache.DefaultCacheAwareContextLoaderDelegate.loadContextInternal(Lorg/springframework/test/context/MergedContextConfiguration;)Lorg/springframework/context/ApplicationContext;+27
j  org.springframework.test.context.cache.DefaultCacheAwareContextLoaderDelegate.loadContext(Lorg/springframework/test/context/MergedContextConfiguration;)Lorg/springframework/context/ApplicationContext;+24
j  org.springframework.test.context.support.DefaultTestContext.getApplicationContext()Lorg/springframework/context/ApplicationContext;+8
j  org.springframework.test.context.web.ServletTestExecutionListener.setUpRequestContextIfNecessary(Lorg/springframework/test/context/TestContext;)V+18
j  org.springframework.test.context.web.ServletTestExecutionListener.prepareTestInstance(Lorg/springframework/test/context/TestContext;)V+2
j  org.springframework.test.context.TestContextManager.prepareTestInstance(Ljava/lang/Object;)V+89
j  org.springframework.test.context.junit.jupiter.SpringExtension.postProcessTestInstance(Ljava/lang/Object;Lorg/junit/jupiter/api/extension/ExtensionContext;)V+5
j  org.junit.jupiter.engine.descriptor.ClassBasedTestDescriptor.lambda$invokeTestInstancePostProcessors$5(Lorg/junit/jupiter/api/extension/TestInstancePostProcessor;Ljava/lang/Object;Lorg/junit/jupiter/api/extension/ExtensionContext;)V+3
j  org.junit.jupiter.engine.descriptor.ClassBasedTestDescriptor$$Lambda$304.execute()V+12
j  org.junit.jupiter.engine.descriptor.ClassBasedTestDescriptor.executeAndMaskThrowable(Lorg/junit/jupiter/api/function/Executable;)V+1
j  org.junit.jupiter.engine.descriptor.ClassBasedTestDescriptor.lambda$invokeTestInstancePostProcessors$6(Ljava/lang/Object;Lorg/junit/jupiter/api/extension/ExtensionContext;Lorg/junit/jupiter/api/extension/TestInstancePostProcessor;)V+9
j  org.junit.jupiter.engine.descriptor.ClassBasedTestDescriptor$$Lambda$303.accept(Ljava/lang/Object;)V+16
j  java.util.stream.StreamSpliterators$WrappingSpliterator$$Lambda$93.accept(Ljava/lang/Object;)V+5
j  java.util.stream.ReferencePipeline$3$1.accept(Ljava/lang/Object;)V+17
j  java.util.stream.ReferencePipeline$2$1.accept(Ljava/lang/Object;)V+21
j  java.util.ArrayList$ArrayListSpliterator.forEachRemaining(Ljava/util/function/Consumer;)V+99
j  java.util.stream.AbstractPipeline.copyInto(Ljava/util/stream/Sink;Ljava/util/Spliterator;)V+32
j  java.util.stream.AbstractPipeline.wrapAndCopyInto(Ljava/util/stream/Sink;Ljava/util/Spliterator;)Ljava/util/stream/Sink;+13
j  java.util.stream.StreamSpliterators$WrappingSpliterator.forEachRemaining(Ljava/util/function/Consumer;)V+42
j  java.util.stream.Streams$ConcatSpliterator.forEachRemaining(Ljava/util/function/Consumer;)V+22
j  java.util.stream.Streams$ConcatSpliterator.forEachRemaining(Ljava/util/function/Consumer;)V+12
j  java.util.stream.ReferencePipeline$Head.forEach(Ljava/util/function/Consumer;)V+12
j  org.junit.jupiter.engine.descriptor.ClassBasedTestDescriptor.invokeTestInstancePostProcessors(Ljava/lang/Object;Lorg/junit/jupiter/engine/extension/ExtensionRegistry;Lorg/junit/jupiter/api/extension/ExtensionContext;)V+16
j  org.junit.jupiter.engine.descriptor.ClassBasedTestDescriptor.instantiateAndPostProcessTestInstance(Lorg/junit/jupiter/engine/execution/JupiterEngineExecutionContext;Lorg/junit/jupiter/api/extension/ExtensionContext;Lorg/junit/jupiter/engine/extension/ExtensionRegistry;Lorg/junit/jupiter/engine/extension/ExtensionRegistrar;)Lorg/junit/jupiter/api/extension/TestInstances;+21
j  org.junit.jupiter.engine.descriptor.ClassBasedTestDescriptor.lambda$testInstancesProvider$2(Lorg/junit/jupiter/engine/execution/JupiterEngineExecutionContext;Lorg/junit/jupiter/engine/descriptor/ClassExtensionContext;Lorg/junit/jupiter/engine/extension/ExtensionRegistry;Lorg/junit/jupiter/engine/extension/ExtensionRegistrar;)Lorg/junit/jupiter/api/extension/TestInstances;+6
j  org.junit.jupiter.engine.descriptor.ClassBasedTestDescriptor$$Lambda$297.get()Ljava/lang/Object;+20
j  java.util.Optional.orElseGet(Ljava/util/function/Supplier;)Ljava/lang/Object;+15
j  org.junit.jupiter.engine.descriptor.ClassBasedTestDescriptor.lambda$testInstancesProvider$3(Lorg/junit/jupiter/engine/descriptor/ClassExtensionContext;Lorg/junit/jupiter/engine/execution/JupiterEngineExecutionContext;Lorg/junit/jupiter/engine/extension/ExtensionRegistry;Lorg/junit/jupiter/engine/extension/ExtensionRegistrar;)Lorg/junit/jupiter/api/extension/TestInstances;+15
j  org.junit.jupiter.engine.descriptor.ClassBasedTestDescriptor$$Lambda$207.getTestInstances(Lorg/junit/jupiter/engine/extension/ExtensionRegistry;Lorg/junit/jupiter/engine/extension/ExtensionRegistrar;)Lorg/junit/jupiter/api/extension/TestInstances;+14
j  org.junit.jupiter.engine.execution.TestInstancesProvider.getTestInstances(Lorg/junit/jupiter/engine/extension/MutableExtensionRegistry;)Lorg/junit/jupiter/api/extension/TestInstances;+3
j  org.junit.jupiter.engine.descriptor.TestMethodTestDescriptor.lambda$prepare$0(Lorg/junit/jupiter/engine/execution/JupiterEngineExecutionContext;Lorg/junit/jupiter/engine/extension/MutableExtensionRegistry;Lorg/junit/jupiter/engine/descriptor/MethodExtensionContext;)V+5
j  org.junit.jupiter.engine.descriptor.TestMethodTestDescriptor$$Lambda$296.execute()V+12
j  org.junit.platform.engine.support.hierarchical.ThrowableCollector.execute(Lorg/junit/platform/engine/support/hierarchical/ThrowableCollector$Executable;)V+1
j  org.junit.jupiter.engine.descriptor.TestMethodTestDescriptor.prepare(Lorg/junit/jupiter/engine/execution/JupiterEngineExecutionContext;)Lorg/junit/jupiter/engine/execution/JupiterEngineExecutionContext;+43
j  org.junit.jupiter.engine.descriptor.TestMethodTestDescriptor.prepare(Lorg/junit/platform/engine/support/hierarchical/EngineExecutionContext;)Lorg/junit/platform/engine/support/hierarchical/EngineExecutionContext;+5
j  org.junit.platform.engine.support.hierarchical.NodeTestTask.lambda$prepare$1()V+9
j  org.junit.platform.engine.support.hierarchical.NodeTestTask$$Lambda$162.execute()V+4
j  org.junit.platform.engine.support.hierarchical.ThrowableCollector.execute(Lorg/junit/platform/engine/support/hierarchical/ThrowableCollector$Executable;)V+1
j  org.junit.platform.engine.support.hierarchical.NodeTestTask.prepare()V+10
j  org.junit.platform.engine.support.hierarchical.NodeTestTask.execute()V+17
j  org.junit.platform.engine.support.hierarchical.SameThreadHierarchicalTestExecutorService$$Lambda$180.accept(Ljava/lang/Object;)V+4
j  java.util.ArrayList.forEach(Ljava/util/function/Consumer;)V+47
j  org.junit.platform.engine.support.hierarchical.SameThreadHierarchicalTestExecutorService.invokeAll(Ljava/util/List;)V+6
j  org.junit.platform.engine.support.hierarchical.NodeTestTask.lambda$executeRecursively$5()V+116
j  org.junit.platform.engine.support.hierarchical.NodeTestTask$$Lambda$176.execute()V+4
j  org.junit.platform.engine.support.hierarchical.ThrowableCollector.execute(Lorg/junit/platform/engine/support/hierarchical/ThrowableCollector$Executable;)V+1
j  org.junit.platform.engine.support.hierarchical.NodeTestTask.lambda$executeRecursively$7(Lorg/junit/platform/engine/support/hierarchical/EngineExecutionContext;)V+15
j  org.junit.platform.engine.support.hierarchical.NodeTestTask$$Lambda$175.invoke(Lorg/junit/platform/engine/support/hierarchical/EngineExecutionContext;)V+5
j  org.junit.platform.engine.support.hierarchical.Node.around(Lorg/junit/platform/engine/support/hierarchical/EngineExecutionContext;Lorg/junit/platform/engine/support/hierarchical/Node$Invocation;)V+2
j  org.junit.platform.engine.support.hierarchical.NodeTestTask.lambda$executeRecursively$8()V+14
j  org.junit.platform.engine.support.hierarchical.NodeTestTask$$Lambda$174.execute()V+4
j  org.junit.platform.engine.support.hierarchical.ThrowableCollector.execute(Lorg/junit/platform/engine/support/hierarchical/ThrowableCollector$Executable;)V+1
j  org.junit.platform.engine.support.hierarchical.NodeTestTask.executeRecursively()V+31
j  org.junit.platform.engine.support.hierarchical.NodeTestTask.execute()V+55
j  org.junit.platform.engine.support.hierarchical.SameThreadHierarchicalTestExecutorService$$Lambda$180.accept(Ljava/lang/Object;)V+4
j  java.util.ArrayList.forEach(Ljava/util/function/Consumer;)V+47
j  org.junit.platform.engine.support.hierarchical.SameThreadHierarchicalTestExecutorService.invokeAll(Ljava/util/List;)V+6
j  org.junit.platform.engine.support.hierarchical.NodeTestTask.lambda$executeRecursively$5()V+116
j  org.junit.platform.engine.support.hierarchical.NodeTestTask$$Lambda$176.execute()V+4
j  org.junit.platform.engine.support.hierarchical.ThrowableCollector.execute(Lorg/junit/platform/engine/support/hierarchical/ThrowableCollector$Executable;)V+1
j  org.junit.platform.engine.support.hierarchical.NodeTestTask.lambda$executeRecursively$7(Lorg/junit/platform/engine/support/hierarchical/EngineExecutionContext;)V+15
j  org.junit.platform.engine.support.hierarchical.NodeTestTask$$Lambda$175.invoke(Lorg/junit/platform/engine/support/hierarchical/EngineExecutionContext;)V+5
j  org.junit.platform.engine.support.hierarchical.Node.around(Lorg/junit/platform/engine/support/hierarchical/EngineExecutionContext;Lorg/junit/platform/engine/support/hierarchical/Node$Invocation;)V+2
j  org.junit.platform.engine.support.hierarchical.NodeTestTask.lambda$executeRecursively$8()V+14
j  org.junit.platform.engine.support.hierarchical.NodeTestTask$$Lambda$174.execute()V+4
j  org.junit.platform.engine.support.hierarchical.ThrowableCollector.execute(Lorg/junit/platform/engine/support/hierarchical/ThrowableCollector$Executable;)V+1
j  org.junit.platform.engine.support.hierarchical.NodeTestTask.executeRecursively()V+31
j  org.junit.platform.engine.support.hierarchical.NodeTestTask.execute()V+55
j  org.junit.platform.engine.support.hierarchical.SameThreadHierarchicalTestExecutorService.submit(Lorg/junit/platform/engine/support/hierarchical/HierarchicalTestExecutorService$TestTask;)Ljava/util/concurrent/Future;+1
j  org.junit.platform.engine.support.hierarchical.HierarchicalTestExecutor.execute()Ljava/util/concurrent/Future;+74
j  org.junit.platform.engine.support.hierarchical.HierarchicalTestEngine.execute(Lorg/junit/platform/engine/ExecutionRequest;)V+31
j  org.junit.platform.launcher.core.DefaultLauncher.execute(Lorg/junit/platform/engine/TestEngine;Lorg/junit/platform/engine/ExecutionRequest;)V+2
j  org.junit.platform.launcher.core.DefaultLauncher.lambda$execute$6(Lorg/junit/platform/launcher/core/Root;Lorg/junit/platform/engine/ConfigurationParameters;Lorg/junit/platform/launcher/TestExecutionListener;)V+85
j  org.junit.platform.launcher.core.DefaultLauncher$$Lambda$146.accept(Ljava/lang/Object;)V+16
j  org.junit.platform.launcher.core.DefaultLauncher.withInterceptedStreams(Lorg/junit/platform/engine/ConfigurationParameters;Lorg/junit/platform/launcher/core/TestExecutionListenerRegistry;Ljava/util/function/Consumer;)V+43
j  org.junit.platform.launcher.core.DefaultLauncher.execute(Lorg/junit/platform/launcher/core/Root;Lorg/junit/platform/engine/ConfigurationParameters;[Lorg/junit/platform/launcher/TestExecutionListener;)V+19
j  org.junit.platform.launcher.core.DefaultLauncher.execute(Lorg/junit/platform/launcher/LauncherDiscoveryRequest;[Lorg/junit/platform/launcher/TestExecutionListener;)V+36
j  org.apache.maven.surefire.junitplatform.JUnitPlatformProvider.invokeAllTests(Lorg/apache/maven/surefire/util/TestsToRun;Lorg/apache/maven/surefire/report/RunListener;)V+26
j  org.apache.maven.surefire.junitplatform.JUnitPlatformProvider.invoke(Ljava/lang/Object;)Lorg/apache/maven/surefire/suite/RunResult;+80
j  org.apache.maven.surefire.booter.ForkedBooter.invokeProviderInSameClassLoader(Lorg/apache/maven/surefire/booter/ForkingReporterFactory;)Lorg/apache/maven/surefire/suite/RunResult;+9
j  org.apache.maven.surefire.booter.ForkedBooter.runSuitesInProcess()Lorg/apache/maven/surefire/suite/RunResult;+7
j  org.apache.maven.surefire.booter.ForkedBooter.execute()V+1
j  org.apache.maven.surefire.booter.ForkedBooter.main([Ljava/lang/String;)V+35
v  ~StubRoutines::call_stub

---------------  P R O C E S S  ---------------

Java Threads: ( => current thread )
  0x0000000019963800 JavaThread "background-preinit" [_thread_in_native, id=16732, stack(0x000000001b130000,0x000000001b230000)]
  0x0000000018d31800 JavaThread "surefire-forkedjvm-ping-30s" daemon [_thread_in_native, id=1160, stack(0x0000000019100000,0x0000000019200000)]
  0x0000000018cc2000 JavaThread "surefire-forkedjvm-command-thread" daemon [_thread_in_native, id=17704, stack(0x0000000019000000,0x0000000019100000)]
  0x0000000017923800 JavaThread "Service Thread" daemon [_thread_blocked, id=12532, stack(0x0000000018a00000,0x0000000018b00000)]
  0x000000001791d000 JavaThread "C1 CompilerThread1" daemon [_thread_blocked, id=16228, stack(0x0000000018900000,0x0000000018a00000)]
  0x00000000178ca800 JavaThread "C2 CompilerThread0" daemon [_thread_blocked, id=6740, stack(0x0000000018800000,0x0000000018900000)]
  0x00000000178c9800 JavaThread "Attach Listener" daemon [_thread_blocked, id=14396, stack(0x0000000018700000,0x0000000018800000)]
  0x00000000178c6000 JavaThread "Signal Dispatcher" daemon [_thread_blocked, id=18264, stack(0x0000000018600000,0x0000000018700000)]
  0x0000000017884000 JavaThread "Finalizer" daemon [_thread_blocked, id=18420, stack(0x0000000018500000,0x0000000018600000)]
  0x0000000017881000 JavaThread "Reference Handler" daemon [_thread_blocked, id=15512, stack(0x0000000018400000,0x0000000018500000)]
=>0x0000000002ef1000 JavaThread "main" [_thread_in_vm, id=17860, stack(0x0000000002d20000,0x0000000002e20000)]

Other Threads:
  0x000000001787b000 VMThread [stack: 0x0000000018300000,0x0000000018400000] [id=13508]
  0x0000000017925000 WatcherThread [stack: 0x0000000018b00000,0x0000000018c00000] [id=18344]

VM state:synchronizing (normal execution)

VM Mutex/Monitor currently owned by a thread:  ([mutex/lock_event])
[0x0000000002eebfb0] Threads_lock - owner thread: 0x000000001787b000

Heap:
 PSYoungGen      total 38400K, used 22100K [0x00000000d5f80000, 0x00000000d8a00000, 0x0000000100000000)
  eden space 33280K, 51% used [0x00000000d5f80000,0x00000000d701ba58,0x00000000d8000000)
  from space 5120K, 99% used [0x00000000d8000000,0x00000000d84f96b0,0x00000000d8500000)
  to   space 5120K, 0% used [0x00000000d8500000,0x00000000d8500000,0x00000000d8a00000)
 ParOldGen       total 87552K, used 1155K [0x0000000081e00000, 0x0000000087380000, 0x00000000d5f80000)
  object space 87552K, 1% used [0x0000000081e00000,0x0000000081f20dd0,0x0000000087380000)
 Metaspace       used 16882K, capacity 18074K, committed 18304K, reserved 1064960K
  class space    used 2210K, capacity 2417K, committed 2432K, reserved 1048576K

Card table byte_map: [0x00000000123b0000,0x00000000127b0000] byte_map_base: 0x0000000011fa1000

Marking Bits: (ParMarkBitMap*) 0x0000000055e7b460
 Begin Bits: [0x0000000012c60000, 0x0000000014be8000)
 End Bits:   [0x0000000014be8000, 0x0000000016b70000)

Polling page: 0x00000000013b0000

CodeCache: size=245760Kb used=5010Kb max_used=5020Kb free=240749Kb
 bounds [0x0000000002ff0000, 0x00000000034e0000, 0x0000000011ff0000]
 total_blobs=1894 nmethods=1516 adapters=292
 compilation: enabled

Compilation events (10 events):
Event: 7.037 Thread 0x000000001791d000 1494   !   3       org.springframework.boot.context.properties.source.SpringConfigurationPropertySource$DelegatingPropertyMapper::map (23 bytes)
Event: 7.037 Thread 0x000000001791d000 nmethod 1494 0x00000000034c4d50 code [0x00000000034c4ec0, 0x00000000034c5168]
Event: 7.040 Thread 0x00000000178ca800 nmethod 1491 0x00000000034c4350 code [0x00000000034c44a0, 0x00000000034c4738]
Event: 7.040 Thread 0x00000000178ca800 1493       4       java.util.Collections$UnmodifiableCollection$1::hasNext (10 bytes)
Event: 7.041 Thread 0x000000001791d000 1496       3       org.springframework.util.CollectionUtils::isEmpty (19 bytes)
Event: 7.041 Thread 0x00000000178ca800 nmethod 1493 0x00000000034c3ad0 code [0x00000000034c3c00, 0x00000000034c3c78]
Event: 7.041 Thread 0x000000001791d000 nmethod 1496 0x00000000034cad90 code [0x00000000034caf00, 0x00000000034cb188]
Event: 7.045 Thread 0x000000001791d000 1497       3       java.io.BufferedReader::readLine (6 bytes)
Event: 7.045 Thread 0x000000001791d000 nmethod 1497 0x00000000034ca990 code [0x00000000034cab00, 0x00000000034cad08]
Event: 7.046 Thread 0x000000001791d000 1498       3       sun.misc.JarIndex::addMapping (21 bytes)

GC Heap History (6 events):
Event: 3.154 GC heap before
{Heap before GC invocations=1 (full 0):
 PSYoungGen      total 38400K, used 33280K [0x00000000d5f80000, 0x00000000d8a00000, 0x0000000100000000)
  eden space 33280K, 100% used [0x00000000d5f80000,0x00000000d8000000,0x00000000d8000000)
  from space 5120K, 0% used [0x00000000d8500000,0x00000000d8500000,0x00000000d8a00000)
  to   space 5120K, 0% used [0x00000000d8000000,0x00000000d8000000,0x00000000d8500000)
 ParOldGen       total 87552K, used 0K [0x0000000081e00000, 0x0000000087380000, 0x00000000d5f80000)
  object space 87552K, 0% used [0x0000000081e00000,0x0000000081e00000,0x0000000087380000)
 Metaspace       used 8630K, capacity 9260K, committed 9472K, reserved 1056768K
  class space    used 1075K, capacity 1216K, committed 1280K, reserved 1048576K
Event: 3.165 GC heap after
Heap after GC invocations=1 (full 0):
 PSYoungGen      total 38400K, used 4243K [0x00000000d5f80000, 0x00000000d8a00000, 0x0000000100000000)
  eden space 33280K, 0% used [0x00000000d5f80000,0x00000000d5f80000,0x00000000d8000000)
  from space 5120K, 82% used [0x00000000d8000000,0x00000000d8424d38,0x00000000d8500000)
  to   space 5120K, 0% used [0x00000000d8500000,0x00000000d8500000,0x00000000d8a00000)
 ParOldGen       total 87552K, used 16K [0x0000000081e00000, 0x0000000087380000, 0x00000000d5f80000)
  object space 87552K, 0% used [0x0000000081e00000,0x0000000081e04000,0x0000000087380000)
 Metaspace       used 8630K, capacity 9260K, committed 9472K, reserved 1056768K
  class space    used 1075K, capacity 1216K, committed 1280K, reserved 1048576K
}
Event: 4.737 GC heap before
{Heap before GC invocations=2 (full 0):
 PSYoungGen      total 38400K, used 37523K [0x00000000d5f80000, 0x00000000d8a00000, 0x0000000100000000)
  eden space 33280K, 100% used [0x00000000d5f80000,0x00000000d8000000,0x00000000d8000000)
  from space 5120K, 82% used [0x00000000d8000000,0x00000000d8424d38,0x00000000d8500000)
  to   space 5120K, 0% used [0x00000000d8500000,0x00000000d8500000,0x00000000d8a00000)
 ParOldGen       total 87552K, used 16K [0x0000000081e00000, 0x0000000087380000, 0x00000000d5f80000)
  object space 87552K, 0% used [0x0000000081e00000,0x0000000081e04000,0x0000000087380000)
 Metaspace       used 12267K, capacity 13192K, committed 13312K, reserved 1060864K
  class space    used 1561K, capacity 1745K, committed 1792K, reserved 1048576K
Event: 4.747 GC heap after
Heap after GC invocations=2 (full 0):
 PSYoungGen      total 38400K, used 5113K [0x00000000d5f80000, 0x00000000d8a00000, 0x0000000100000000)
  eden space 33280K, 0% used [0x00000000d5f80000,0x00000000d5f80000,0x00000000d8000000)
  from space 5120K, 99% used [0x00000000d8500000,0x00000000d89fe6c8,0x00000000d8a00000)
  to   space 5120K, 0% used [0x00000000d8000000,0x00000000d8000000,0x00000000d8500000)
 ParOldGen       total 87552K, used 224K [0x0000000081e00000, 0x0000000087380000, 0x00000000d5f80000)
  object space 87552K, 0% used [0x0000000081e00000,0x0000000081e381b8,0x0000000087380000)
 Metaspace       used 12267K, capacity 13192K, committed 13312K, reserved 1060864K
  class space    used 1561K, capacity 1745K, committed 1792K, reserved 1048576K
}
Event: 6.462 GC heap before
{Heap before GC invocations=3 (full 0):
 PSYoungGen      total 38400K, used 38393K [0x00000000d5f80000, 0x00000000d8a00000, 0x0000000100000000)
  eden space 33280K, 100% used [0x00000000d5f80000,0x00000000d8000000,0x00000000d8000000)
  from space 5120K, 99% used [0x00000000d8500000,0x00000000d89fe6c8,0x00000000d8a00000)
  to   space 5120K, 0% used [0x00000000d8000000,0x00000000d8000000,0x00000000d8500000)
 ParOldGen       total 87552K, used 224K [0x0000000081e00000, 0x0000000087380000, 0x00000000d5f80000)
  object space 87552K, 0% used [0x0000000081e00000,0x0000000081e381b8,0x0000000087380000)
 Metaspace       used 15482K, capacity 16594K, committed 16896K, reserved 1064960K
  class space    used 1981K, capacity 2194K, committed 2304K, reserved 1048576K
Event: 6.472 GC heap after
Heap after GC invocations=3 (full 0):
 PSYoungGen      total 38400K, used 5093K [0x00000000d5f80000, 0x00000000d8a00000, 0x0000000100000000)
  eden space 33280K, 0% used [0x00000000d5f80000,0x00000000d5f80000,0x00000000d8000000)
  from space 5120K, 99% used [0x00000000d8000000,0x00000000d84f96b0,0x00000000d8500000)
  to   space 5120K, 0% used [0x00000000d8500000,0x00000000d8500000,0x00000000d8a00000)
 ParOldGen       total 87552K, used 1155K [0x0000000081e00000, 0x0000000087380000, 0x00000000d5f80000)
  object space 87552K, 1% used [0x0000000081e00000,0x0000000081f20dd0,0x0000000087380000)
 Metaspace       used 15482K, capacity 16594K, committed 16896K, reserved 1064960K
  class space    used 1981K, capacity 2194K, committed 2304K, reserved 1048576K
}

Deoptimization events (7 events):
Event: 3.951 Thread 0x0000000002ef1000 Uncommon trap: reason=class_check action=maybe_recompile pc=0x00000000031925e8 method=java.lang.String.equals(Ljava/lang/Object;)Z @ 8
Event: 3.964 Thread 0x0000000002ef1000 Uncommon trap: reason=class_check action=maybe_recompile pc=0x00000000031925e8 method=java.lang.String.equals(Ljava/lang/Object;)Z @ 8
Event: 3.964 Thread 0x0000000002ef1000 Uncommon trap: reason=class_check action=maybe_recompile pc=0x00000000031925e8 method=java.lang.String.equals(Ljava/lang/Object;)Z @ 8
Event: 4.023 Thread 0x0000000002ef1000 Uncommon trap: reason=class_check action=maybe_recompile pc=0x00000000031925e8 method=java.lang.String.equals(Ljava/lang/Object;)Z @ 8
Event: 4.268 Thread 0x0000000002ef1000 Uncommon trap: reason=bimorphic action=maybe_recompile pc=0x00000000033cc058 method=java.util.HashMap.putVal(ILjava/lang/Object;Ljava/lang/Object;ZZ)Ljava/lang/Object; @ 203
Event: 4.811 Thread 0x0000000002ef1000 Uncommon trap: reason=range_check action=make_not_entrant pc=0x00000000032b5520 method=sun.reflect.generics.parser.SignatureParser.current()C @ 34
Event: 6.153 Thread 0x0000000002ef1000 Uncommon trap: reason=unreached action=reinterpret pc=0x00000000034582e0 method=java.util.concurrent.ConcurrentHashMap.putVal(Ljava/lang/Object;Ljava/lang/Object;Z)Ljava/lang/Object; @ 181

Internal exceptions (10 events):
Event: 6.988 Thread 0x0000000019963800 Exception <a 'java/security/PrivilegedActionException'> (0x00000000d6afd610) thrown at [D:\re\workspace\8-2-build-windows-amd64-cygwin\jdk8u20\1074\hotspot\src\share\vm\prims\jvm.cpp, line 1275]
Event: 6.988 Thread 0x0000000019963800 Exception <a 'java/security/PrivilegedActionException'> (0x00000000d6b0f460) thrown at [D:\re\workspace\8-2-build-windows-amd64-cygwin\jdk8u20\1074\hotspot\src\share\vm\prims\jvm.cpp, line 1275]
Event: 6.988 Thread 0x0000000019963800 Exception <a 'java/security/PrivilegedActionException'> (0x00000000d6b0fe10) thrown at [D:\re\workspace\8-2-build-windows-amd64-cygwin\jdk8u20\1074\hotspot\src\share\vm\prims\jvm.cpp, line 1275]
Event: 6.989 Thread 0x0000000019963800 Exception <a 'java/security/PrivilegedActionException'> (0x00000000d6b21358) thrown at [D:\re\workspace\8-2-build-windows-amd64-cygwin\jdk8u20\1074\hotspot\src\share\vm\prims\jvm.cpp, line 1275]
Event: 6.990 Thread 0x0000000019963800 Exception <a 'java/security/PrivilegedActionException'> (0x00000000d6b24590) thrown at [D:\re\workspace\8-2-build-windows-amd64-cygwin\jdk8u20\1074\hotspot\src\share\vm\prims\jvm.cpp, line 1275]
Event: 7.024 Thread 0x0000000002ef1000 Exception <a 'java/security/PrivilegedActionException'> (0x00000000d6756d20) thrown at [D:\re\workspace\8-2-build-windows-amd64-cygwin\jdk8u20\1074\hotspot\src\share\vm\prims\jvm.cpp, line 1275]
Event: 7.032 Thread 0x0000000002ef1000 Exception <a 'java/security/PrivilegedActionException'> (0x00000000d6763ef8) thrown at [D:\re\workspace\8-2-build-windows-amd64-cygwin\jdk8u20\1074\hotspot\src\share\vm\prims\jvm.cpp, line 1275]
Event: 7.035 Thread 0x0000000002ef1000 Exception <a 'java/security/PrivilegedActionException'> (0x00000000d6773548) thrown at [D:\re\workspace\8-2-build-windows-amd64-cygwin\jdk8u20\1074\hotspot\src\share\vm\prims\jvm.cpp, line 1275]
Event: 7.038 Thread 0x0000000002ef1000 Exception <a 'java/security/PrivilegedActionException'> (0x00000000d6b48398) thrown at [D:\re\workspace\8-2-build-windows-amd64-cygwin\jdk8u20\1074\hotspot\src\share\vm\prims\jvm.cpp, line 1275]
Event: 7.042 Thread 0x0000000002ef1000 Exception <a 'java/security/PrivilegedActionException'> (0x00000000d6b8ea48) thrown at [D:\re\workspace\8-2-build-windows-amd64-cygwin\jdk8u20\1074\hotspot\src\share\vm\prims\jvm.cpp, line 1275]

Events (10 events):
Event: 7.032 loading class org/springframework/boot/logging/LoggerGroups
Event: 7.032 loading class org/springframework/boot/logging/LoggerGroups done
Event: 7.034 loading class org/springframework/boot/logging/LoggerGroups
Event: 7.034 loading class org/springframework/boot/logging/LoggerGroups done
Event: 7.035 loading class org/springframework/boot/logging/LoggerGroup
Event: 7.035 loading class org/springframework/boot/logging/LoggerGroup done
Event: 7.038 loading class org/springframework/boot/logging/LoggingInitializationContext
Event: 7.038 loading class org/springframework/boot/logging/LoggingInitializationContext done
Event: 7.042 loading class ch/qos/logback/core/LifeCycleManager
Event: 7.042 loading class ch/qos/logback/core/LifeCycleManager done


Dynamic libraries:
0x00007ff7250b0000 - 0x00007ff7250e4000 	C:\Program Files\Java\jdk1.8.0_20\jre\bin\java.exe
0x00007ffd44ce0000 - 0x00007ffd44ed0000 	C:\WINDOWS\SYSTEM32\ntdll.dll
0x00007ffd38db0000 - 0x00007ffd38dc5000 	C:\Program Files\AVAST Software\Avast\aswhook.dll
0x00007ffd43200000 - 0x00007ffd432b2000 	C:\WINDOWS\System32\KERNEL32.DLL
0x00007ffd41f40000 - 0x00007ffd421e3000 	C:\WINDOWS\System32\KERNELBASE.dll
0x00007ffd434e0000 - 0x00007ffd43583000 	C:\WINDOWS\System32\ADVAPI32.dll
0x00007ffd43a90000 - 0x00007ffd43b2e000 	C:\WINDOWS\System32\msvcrt.dll
0x00007ffd43060000 - 0x00007ffd430f7000 	C:\WINDOWS\System32\sechost.dll
0x00007ffd44280000 - 0x00007ffd443a0000 	C:\WINDOWS\System32\RPCRT4.dll
0x00007ffd43340000 - 0x00007ffd434d4000 	C:\WINDOWS\System32\USER32.dll
0x00007ffd42ac0000 - 0x00007ffd42ae1000 	C:\WINDOWS\System32\win32u.dll
0x00007ffd43100000 - 0x00007ffd43126000 	C:\WINDOWS\System32\GDI32.dll
0x00007ffd42bf0000 - 0x00007ffd42d84000 	C:\WINDOWS\System32\gdi32full.dll
0x00007ffd421f0000 - 0x00007ffd4228e000 	C:\WINDOWS\System32\msvcp_win.dll
0x00007ffd42af0000 - 0x00007ffd42bea000 	C:\WINDOWS\System32\ucrtbase.dll
0x00007ffd2f160000 - 0x00007ffd2f3e5000 	C:\WINDOWS\WinSxS\amd64_microsoft.windows.common-controls_6595b64144ccf1df_6.0.18362.720_none_e6beb5c51314836b\COMCTL32.dll
0x00007ffd436e0000 - 0x00007ffd43a16000 	C:\WINDOWS\System32\combase.dll
0x00007ffd41c70000 - 0x00007ffd41cf0000 	C:\WINDOWS\System32\bcryptPrimitives.dll
0x00007ffd446e0000 - 0x00007ffd4470e000 	C:\WINDOWS\System32\IMM32.DLL
0x0000000055f00000 - 0x0000000055fd2000 	C:\Program Files\Java\jdk1.8.0_20\jre\bin\msvcr100.dll
0x00000000556a0000 - 0x0000000055ef8000 	C:\Program Files\Java\jdk1.8.0_20\jre\bin\server\jvm.dll
0x00007ffd42d90000 - 0x00007ffd42d98000 	C:\WINDOWS\System32\PSAPI.DLL
0x00007ffd33820000 - 0x00007ffd33829000 	C:\WINDOWS\SYSTEM32\WSOCK32.dll
0x00007ffd43590000 - 0x00007ffd435ff000 	C:\WINDOWS\System32\WS2_32.dll
0x00007ffd33f20000 - 0x00007ffd33f44000 	C:\WINDOWS\SYSTEM32\WINMM.dll
0x00007ffd33ef0000 - 0x00007ffd33f1d000 	C:\WINDOWS\SYSTEM32\WINMMBASE.dll
0x00007ffd41cf0000 - 0x00007ffd41d3a000 	C:\WINDOWS\System32\cfgmgr32.dll
0x0000000055690000 - 0x000000005569f000 	C:\Program Files\Java\jdk1.8.0_20\jre\bin\verify.dll
0x0000000055660000 - 0x0000000055688000 	C:\Program Files\Java\jdk1.8.0_20\jre\bin\java.dll
0x0000000055640000 - 0x0000000055656000 	C:\Program Files\Java\jdk1.8.0_20\jre\bin\zip.dll
0x00007ffd43b30000 - 0x00007ffd44215000 	C:\WINDOWS\System32\SHELL32.dll
0x00007ffd44710000 - 0x00007ffd447b9000 	C:\WINDOWS\System32\shcore.dll
0x00007ffd42320000 - 0x00007ffd42aa0000 	C:\WINDOWS\System32\windows.storage.dll
0x00007ffd41c20000 - 0x00007ffd41c43000 	C:\WINDOWS\System32\profapi.dll
0x00007ffd41bd0000 - 0x00007ffd41c1a000 	C:\WINDOWS\System32\powrprof.dll
0x00007ffd41ba0000 - 0x00007ffd41bb0000 	C:\WINDOWS\System32\UMPDC.dll
0x00007ffd44220000 - 0x00007ffd44272000 	C:\WINDOWS\System32\shlwapi.dll
0x00007ffd41c50000 - 0x00007ffd41c61000 	C:\WINDOWS\System32\kernel.appcore.dll
0x00007ffd42aa0000 - 0x00007ffd42ab7000 	C:\WINDOWS\System32\cryptsp.dll
0x00000000555f0000 - 0x00000000555fd000 	C:\Program Files\Java\jdk1.8.0_20\jre\bin\management.dll
0x0000000055620000 - 0x000000005563a000 	C:\Program Files\Java\jdk1.8.0_20\jre\bin\net.dll
0x00007ffd41410000 - 0x00007ffd41477000 	C:\WINDOWS\system32\mswsock.dll
0x0000000055600000 - 0x0000000055611000 	C:\Program Files\Java\jdk1.8.0_20\jre\bin\nio.dll
0x00007ffd2eaa0000 - 0x00007ffd2eab6000 	C:\WINDOWS\system32\napinsp.dll
0x00007ffd2ea80000 - 0x00007ffd2ea9a000 	C:\WINDOWS\system32\pnrpnsp.dll
0x00007ffd41160000 - 0x00007ffd4122a000 	C:\WINDOWS\SYSTEM32\DNSAPI.dll
0x00007ffd44c30000 - 0x00007ffd44c38000 	C:\WINDOWS\System32\NSI.dll
0x00007ffd41120000 - 0x00007ffd4115a000 	C:\WINDOWS\SYSTEM32\IPHLPAPI.DLL
0x00007ffd2ea70000 - 0x00007ffd2ea7e000 	C:\WINDOWS\System32\winrnr.dll
0x00007ffd36630000 - 0x00007ffd3664c000 	C:\WINDOWS\system32\NLAapi.dll
0x00007ffd37d00000 - 0x00007ffd37d15000 	C:\WINDOWS\system32\wshbth.dll
0x00007ffd34c80000 - 0x00007ffd34c8a000 	C:\Windows\System32\rasadhlp.dll
0x00007ffd35210000 - 0x00007ffd35287000 	C:\WINDOWS\System32\fwpuclnt.dll
0x00007ffd42290000 - 0x00007ffd422b6000 	C:\WINDOWS\System32\bcrypt.dll
0x00007ffd3baa0000 - 0x00007ffd3bc94000 	C:\WINDOWS\SYSTEM32\dbghelp.dll

VM Arguments:
java_command: C:\Users\DIEGO\AppData\Local\Temp\surefire5167561576404263514\surefirebooter4462146849437705683.jar C:\Users\DIEGO\AppData\Local\Temp\surefire5167561576404263514 2020-04-06T14-02-01_580-jvmRun1 surefire1064026912003523628tmp surefire_06715715443606591830tmp
java_class_path (initial): C:\Users\DIEGO\AppData\Local\Temp\surefire5167561576404263514\surefirebooter4462146849437705683.jar
Launcher Type: SUN_STANDARD

Environment Variables:
JAVA_HOME=C:\Program Files\Java\jdk1.8.0_20
CLASSPATH=C:\Program Files\Java\jdk1.8.0_20\lib\tools.jar
PATH=C:\ProgramData\Oracle\Java\javapath;C:\Program Files (x86)\Intel\iCLS Client\;C:\Program Files\Intel\iCLS Client\;C:\WINDOWS\system32;C:\WINDOWS;C:\WINDOWS\System32\Wbem;C:\WINDOWS\System32\WindowsPowerShell\v1.0\;C:\Program Files (x86)\Windows Live\Shared;C:\Program Files\Intel\Intel(R) Management Engine Components\DAL;C:\Program Files\Intel\Intel(R) Management Engine Components\IPT;C:\Program Files (x86)\Intel\Intel(R) Management Engine Components\DAL;C:\Program Files (x86)\Intel\Intel(R) Management Engine Components\IPT;C:\Program Files (x86)\Intel\OpenCL SDK\2.0\bin\x86;C:\Program Files (x86)\Intel\OpenCL SDK\2.0\bin\x64;C:\Program Files\Java\jdk1.7.0_25\bin;C:\Program Files\Java\jdk1.8.0_20\bin;C:\Dev\maven\apache-maven-3.6.3\bin;C:\Program Files (x86)\Common Files\Adobe\AGL;C:\Program Files\MySQL\MySQL Server 5.5\bin;C:\WINDOWS\System32\OpenSSH\;C:\Program Files\Git\cmd;C:\Users\DIEGO\AppData\Local\Microsoft\WindowsApps;C:\Program Files\heroku\bin;
USERNAME=DIEGO
OS=Windows_NT
PROCESSOR_IDENTIFIER=Intel64 Family 6 Model 42 Stepping 7, GenuineIntel



---------------  S Y S T E M  ---------------

OS: Windows 8.1 , 64 bit Build 9600 

CPU:total 2 (2 cores per cpu, 1 threads per core) family 6 model 42 stepping 7, cmov, cx8, fxsr, mmx, sse, sse2, sse3, ssse3, sse4.1, sse4.2, popcnt, clmul, tsc, tscinvbit

Memory: 4k page, physical 8262940k(2531592k free), swap 10229020k(3214744k free)

vm_info: Java HotSpot(TM) 64-Bit Server VM (25.20-b23) for windows-amd64 JRE (1.8.0_20-b26), built on Jul 30 2014 13:51:23 by "java_re" with MS VC++ 10.0 (VS2010)

time: Mon Apr 06 14:02:12 2020
elapsed time: 7 seconds (0d 0h 0m 7s)

